<?xml version="1.0" encoding="UTF-8"?>
<testsuite xmlns:xsi="http://www.w3.org/2001/XMLSchema-instance" xsi:noNamespaceSchemaLocation="https://maven.apache.org/surefire/maven-surefire-plugin/xsd/surefire-test-report-3.0.xsd" version="3.0" name="com.ansjava.ans.processors.custom.MyProcessorTest" time="0.061" tests="2" errors="0" skipped="0" failures="0">
  <properties>
[...]
</properties>
  <testcase name="testProcessorFailure" classname="com.ansjava.ans.processors.custom.MyProcessorTest" time="0.053">
    <system-out><![CDATA[Json XString:{ "person_1": { "person_type": "UNKNOWN", "name": "John Doe" }, "person_2": { "person_type": "UNKNOWN", "name": "Jane Doe" } }
Json person 1:{"person_type":"UNKNOWN","name":"John Doe"}
Json person 2:{"person_type":"UNKNOWN","name":"Jane Doe"}
Error happens
]]></system-out>
  </testcase>
  <testcase name="testProcessorGoodPerson1" classname="com.ansjava.ans.processors.custom.MyProcessorTest" time="0.003">
    <system-out><![CDATA[Json XString:{ "person_1": { "person_type": "GOOD", "name": "John Doe" }, "person_2": { "person_type": "BAD", "name": "Jane Doe" } }
Json person 1:{"person_type":"GOOD","name":"John Doe"}
Json person 2:{"person_type":"BAD","name":"Jane Doe"}
========================== GOOD EX ==========================
String content:{"person_type":"GOOD","name":"John Doe"}
relationship:type_1
====================================

========================== BAD EX ==========================
String content:{"person_type":"BAD","name":"Jane Doe"}
relationship:type_2
====================================

Test rel 1 - Start
Test rel 1 - End

Test rel 2 - Start
Test rel 2 - End

]]></system-out>
  </testcase>
</testsuite>